{
  "0 debug pnpm:scope": {
    "selected": 1
  },
  "1 error pnpm": {
    "message": {
      "errno": 1,
      "code": "ELIFECYCLE",
      "pkgid": "quiz@0.1.0",
      "stage": "start",
      "script": "node server.js \"serve\"",
      "pkgname": "quiz"
    },
    "err": {
      "name": "Error",
      "message": "quiz@0.1.0 start: `node server.js \"serve\"`\nExit status 1",
      "code": "ELIFECYCLE",
      "stack": "Error: quiz@0.1.0 start: `node server.js \"serve\"`\nExit status 1\n    at EventEmitter.proc.on (C:\\Users\\lucde\\AppData\\Roaming\\npm\\node_modules\\pnpm\\lib\\node_modules\\@zkochan\\npm-lifecycle\\index.js:302:16)\n    at EventEmitter.emit (events.js:189:13)\n    at ChildProcess.<anonymous> (C:\\Users\\lucde\\AppData\\Roaming\\npm\\node_modules\\pnpm\\lib\\node_modules\\@zkochan\\npm-lifecycle\\lib\\spawn.js:55:14)\n    at ChildProcess.emit (events.js:189:13)\n    at maybeClose (internal/child_process.js:970:16)\n    at Process.ChildProcess._handle.onexit (internal/child_process.js:259:5)"
    }
  }
}